------------------------------------------------------------------------------------------------------------------------
2022-06-21 10:49:43,376 [1] INFO  Test [(null)] - 
开始扫描2408进程

2022-06-21 10:49:43,423 [1] INFO  Test [(null)] - 
shellhub1

2022-06-21 10:49:43,440 [1] INFO  Test [(null)] - 
Auth Succeed

2022-06-21 10:49:43,581 [1] INFO  Test [(null)] - 
C:\Users\Administrator\Desktop\temp\shellpub\2408\dll\k2sa3e.dll

2022-06-21 10:49:43,581 [1] INFO  Test [(null)] - 
Finished
------------------------------------------------------------
2022-06-21 14:23:00,875 [1] INFO  Test [(null)] - 
开始扫描3980进程

2022-06-21 14:23:00,921 [1] INFO  Test [(null)] - 
shellhub1

2022-06-21 14:23:00,937 [1] INFO  Test [(null)] - 
Auth Succeed

2022-06-21 14:23:01,094 [1] INFO  Test [(null)] - 
C:\Users\Administrator\Desktop\temp\shellpub\3980\dll\2a2f3h.dll

2022-06-21 14:23:01,094 [1] INFO  Test [(null)] - 
Finished
------------------------------------------------------------
2022-06-21 14:25:42,388 [1] INFO  Test [(null)] - 
开始扫描3980进程

2022-06-21 14:25:42,435 [1] INFO  Test [(null)] - 
shellhub1

2022-06-21 14:25:42,451 [1] INFO  Test [(null)] - 
Auth Succeed

2022-06-21 14:25:42,593 [1] INFO  Test [(null)] - 
C:\Users\Administrator\Desktop\temp\shellpub\3980\dll\fh2wea.dll

2022-06-21 14:25:42,593 [1] INFO  Test [(null)] - 
Processing

2022-06-21 14:25:42,593 [1] INFO  Test [(null)] - 
Processing

2022-06-21 14:25:42,593 [1] INFO  Test [(null)] - 
Processing

2022-06-21 14:25:42,593 [1] INFO  Test [(null)] - 
Finished
------------------------------------------------------------
2022-06-21 14:26:23,833 [1] INFO  Test [(null)] - 
开始扫描3980进程

2022-06-21 14:26:23,864 [1] INFO  Test [(null)] - 
shellhub1

2022-06-21 14:26:23,881 [1] INFO  Test [(null)] - 
Auth Succeed

2022-06-21 14:26:24,038 [1] INFO  Test [(null)] - 
C:\Users\Administrator\Desktop\temp\shellpub\3980\dll\33fedw.dll

2022-06-21 14:26:24,038 [1] INFO  Test [(null)] - 
Processing

2022-06-21 14:26:24,038 [1] INFO  Test [(null)] - 
Processing

2022-06-21 14:26:24,038 [1] INFO  Test [(null)] - 
Processing

2022-06-21 14:26:24,038 [1] INFO  Test [(null)] - 
Finished
------------------------------------------------------------
2022-06-21 14:26:54,194 [1] INFO  Test [(null)] - 
开始扫描3980进程

2022-06-21 14:26:54,241 [1] INFO  Test [(null)] - 
shellhub1

2022-06-21 14:26:54,257 [1] INFO  Test [(null)] - 
Auth Succeed

2022-06-21 14:26:54,414 [1] INFO  Test [(null)] - 
C:\Users\Administrator\Desktop\temp\shellpub\3980\dll\sk2fke.dll

2022-06-21 14:26:54,414 [1] INFO  Test [(null)] - 
Processing

2022-06-21 14:26:54,414 [1] INFO  Test [(null)] - 
Processing

2022-06-21 14:26:54,414 [1] INFO  Test [(null)] - 
Processing

2022-06-21 14:26:54,414 [1] INFO  Test [(null)] - 
Finished
