------------------------------------------------------------
2022-06-22 16:36:59,324 [1] INFO  Test [(null)] - 
开始扫描1496进程

2022-06-22 16:36:59,371 [1] INFO  Test [(null)] - 
shellhub1

2022-06-22 16:36:59,389 [1] INFO  Test [(null)] - 
Auth Succeed

2022-06-22 16:36:59,562 [1] INFO  Test [(null)] - 
C:\Users\Administrator\Desktop\temp\shellpub\1496\dll\fah9aa.dll

2022-06-22 16:36:59,562 [1] INFO  Test [(null)] - 
Finished
------------------------------------------------------------
2022-06-22 16:38:10,524 [1] INFO  Test [(null)] - 
开始扫描1496进程

2022-06-22 16:38:10,571 [1] INFO  Test [(null)] - 
shellhub1

2022-06-22 16:38:10,588 [1] INFO  Test [(null)] - 
Auth Succeed

2022-06-22 16:38:10,744 [1] INFO  Test [(null)] - 
C:\Users\Administrator\Desktop\temp\shellpub\1496\dll\9ue3kj.dll

2022-06-22 16:38:10,744 [1] INFO  Test [(null)] - 
Finished
------------------------------------------------------------
2022-06-22 16:38:33,175 [1] INFO  Test [(null)] - 
开始扫描1496进程

2022-06-22 16:38:33,237 [1] INFO  Test [(null)] - 
shellhub1

2022-06-22 16:38:33,254 [1] INFO  Test [(null)] - 
Auth Succeed

2022-06-22 16:38:33,410 [1] INFO  Test [(null)] - 
C:\Users\Administrator\Desktop\temp\shellpub\1496\dll\waykfj.dll

2022-06-22 16:38:33,410 [1] INFO  Test [(null)] - 
Finished
------------------------------------------------------------
2022-06-22 19:41:24,039 [1] INFO  Test [(null)] - 
开始扫描3620进程

2022-06-22 19:41:24,086 [1] INFO  Test [(null)] - 
shellhub1

2022-06-22 19:41:24,107 [1] INFO  Test [(null)] - 
Auth Succeed

2022-06-22 19:41:24,263 [1] INFO  Test [(null)] - 
C:\Users\Administrator\Desktop\temp\shellpub\3620\dll\3dsf2a.dll

2022-06-22 19:41:24,263 [1] INFO  Test [(null)] - 
Finished
------------------------------------------------------------
2022-06-22 20:01:11,548 [1] INFO  Test [(null)] - 
开始扫描3620进程

2022-06-22 20:01:11,610 [1] INFO  Test [(null)] - 
shellhub1

2022-06-22 20:01:11,626 [1] INFO  Test [(null)] - 
Auth Succeed

2022-06-22 20:01:11,794 [1] INFO  Test [(null)] - 
C:\Users\Administrator\Desktop\temp\shellpub\3620\dll\kekyj3.dll

2022-06-22 20:01:11,794 [1] INFO  Test [(null)] - 
Finished
